2024-10-09 08:46:17,940;Capella;7.0.0.202407091438;Open+Session;laborator1.aird;;
2024-10-09 08:46:19,855;Capella;7.0.0.202407091438;Open+Session;laborator1.aird;OK;
2024-10-16 08:33:33,286;Capella;7.0.0.202407091438;Create+Representation;Operational+Entity+Breakdown;;5eeeb755-1284-4ddc-b60f-285e3383e478
2024-10-16 08:33:33,662;Capella;7.0.0.202407091438;Create+Representation;Operational+Entity+Breakdown;OK;5eeeb755-1284-4ddc-b60f-285e3383e478
2024-10-16 08:38:42,857;Capella;7.0.0.202407091438;Create+Representation;Operational+Capabilities+Blank;;3dc4c5eb-2165-41d7-993c-6600bfbbcf01
2024-10-16 08:38:44,866;Capella;7.0.0.202407091438;Create+Representation;Operational+Capabilities+Blank;;3dc4c5eb-2165-41d7-993c-6600bfbbcf01
2024-10-16 08:38:44,914;Capella;7.0.0.202407091438;Create+Representation;Operational+Capabilities+Blank;OK;3dc4c5eb-2165-41d7-993c-6600bfbbcf01
2024-10-16 08:38:45,352;Capella;7.0.0.202407091438;Create+Representation;Operational+Capabilities+Blank;OK;3dc4c5eb-2165-41d7-993c-6600bfbbcf01
2024-10-16 08:51:23,029;Capella;7.0.0.202407091438;Create+Representation;Operational+Activity+Breakdown;;44848626-96e6-4697-baa7-d96fa6ed7009
2024-10-16 08:51:23,051;Capella;7.0.0.202407091438;Create+Representation;Operational+Activity+Breakdown;OK;44848626-96e6-4697-baa7-d96fa6ed7009
2024-10-16 08:54:57,623;Capella;7.0.0.202407091438;Create+Representation;Operational+Activity+Interaction+Blank;;93418e6a-5d60-4b14-bf7f-44d59eb8c121
2024-10-16 08:54:57,647;Capella;7.0.0.202407091438;Create+Representation;Operational+Activity+Interaction+Blank;OK;93418e6a-5d60-4b14-bf7f-44d59eb8c121
2024-10-16 09:04:32,737;Capella;7.0.0.202407091438;Create+Representation;Operational+Entity+Blank;;5eeeb755-1284-4ddc-b60f-285e3383e478
2024-10-16 09:04:32,760;Capella;7.0.0.202407091438;Create+Representation;Operational+Entity+Blank;OK;5eeeb755-1284-4ddc-b60f-285e3383e478
2024-10-16 09:15:00,983;Capella;7.0.0.202407091438;Create+Representation;Operational+Process+Description;;bf3f6d5c-d889-45e0-8b94-f0d2924def6d
2024-10-16 09:15:01,018;Capella;7.0.0.202407091438;Create+Representation;Operational+Process+Description;OK;bf3f6d5c-d889-45e0-8b94-f0d2924def6d
2024-10-16 09:24:04,482;Capella;7.0.0.202407091438;Create+Representation;Activity+Interaction+Scenario;;1352640a-8d80-47d1-8eeb-fbb618f9f7ef
2024-10-16 09:24:04,546;Capella;7.0.0.202407091438;Create+Representation;Activity+Interaction+Scenario;OK;1352640a-8d80-47d1-8eeb-fbb618f9f7ef
2024-10-16 09:32:37,110;Capella;7.0.0.202407091438;Create+Representation;Operational+Interaction+Scenario;;2ee6fd7a-8f2d-4d0b-ae9e-24b1f5657984
2024-10-16 09:32:37,143;Capella;7.0.0.202407091438;Create+Representation;Operational+Interaction+Scenario;OK;2ee6fd7a-8f2d-4d0b-ae9e-24b1f5657984
2024-10-16 09:42:03,659;Capella;7.0.0.202407091438;Transition;Operational+Activity+Scenario+to+Operational+Entity+Scenario+Initialization;;
2024-10-16 09:42:04,129;Capella;7.0.0.202407091438;Transition;Operational+Activity+Scenario+to+Operational+Entity+Scenario+Initialization;OK;
2024-10-16 09:43:32,485;Capella;7.0.0.202407091438;Create+Representation;Operational+Interaction+Scenario;;3dfb7c87-bb72-4e33-a60e-c1f11853273d
2024-10-16 09:43:32,548;Capella;7.0.0.202407091438;Create+Representation;Operational+Interaction+Scenario;OK;3dfb7c87-bb72-4e33-a60e-c1f11853273d
2024-10-16 09:46:36,349;Capella;7.0.0.202407091438;Create+Representation;Activity+Interaction+Scenario;;053e9000-e8f5-442e-8848-3473e59952ba
2024-10-16 09:46:36,406;Capella;7.0.0.202407091438;Create+Representation;Activity+Interaction+Scenario;OK;053e9000-e8f5-442e-8848-3473e59952ba
2024-10-16 09:46:59,043;Capella;7.0.0.202407091438;Open+Representation;;;
2024-10-16 09:46:59,333;Capella;7.0.0.202407091438;Open+Representation;;OK;
2024-10-23 08:47:50,467;Capella;7.0.0.202407091438;Open+Representation;;;
2024-10-23 08:47:50,671;Capella;7.0.0.202407091438;Open+Representation;;OK;
2024-10-23 08:55:46,516;Capella;7.0.0.202407091438;Open+Representation;;;
2024-10-23 08:55:46,772;Capella;7.0.0.202407091438;Open+Representation;;OK;
2024-10-30 08:28:39,949;Capella;7.0.0.202407091438;Transition;Functional+Transition;;
2024-10-30 08:31:02,209;Capella;7.0.0.202407091438;Transition;Functional+Transition;ERROR;
2024-10-30 08:31:04,438;Capella;7.0.0.202407091438;Transition;Functional+Transition;;
2024-10-30 08:31:10,029;Capella;7.0.0.202407091438;Transition;Functional+Transition;OK;
2024-10-30 08:32:26,636;Capella;7.0.0.202407091438;Create+Representation;Contextual+System+Actors;;83695543-4561-4571-97fa-0c769ff94ccc
2024-10-30 08:32:27,656;Capella;7.0.0.202407091438;Create+Representation;Contextual+System+Actors;OK;83695543-4561-4571-97fa-0c769ff94ccc
2024-10-30 08:32:37,191;Capella;7.0.0.202407091438;Transition;Capability+Transition;;
2024-10-30 08:34:01,737;Capella;7.0.0.202407091438;Transition;Capability+Transition;OK;
2024-10-30 08:41:15,072;Capella;7.0.0.202407091438;Transition;Functional+Transition;;
2024-10-30 08:42:30,009;Capella;7.0.0.202407091438;Transition;Functional+Transition;OK;
2024-10-30 08:43:37,162;Capella;7.0.0.202407091438;Transition;Operational+Entity+to+System+Actor+Transition;;
2024-10-30 08:43:47,089;Capella;7.0.0.202407091438;Transition;Operational+Entity+to+System+Actor+Transition;OK;
2024-10-30 08:45:18,075;Capella;7.0.0.202407091438;Create+Representation;Contextual+System+Actors;;83695543-4561-4571-97fa-0c769ff94ccc
2024-10-30 08:45:18,321;Capella;7.0.0.202407091438;Create+Representation;Contextual+System+Actors;OK;83695543-4561-4571-97fa-0c769ff94ccc
2024-10-30 08:45:40,951;Capella;7.0.0.202407091438;Create+Representation;Missions+Capabilities+Blank;;0be5395a-8332-4cd6-8119-9c314fedf57f
2024-10-30 08:45:40,978;Capella;7.0.0.202407091438;Create+Representation;Missions+Capabilities+Blank;OK;0be5395a-8332-4cd6-8119-9c314fedf57f
2024-10-30 08:56:13,311;Capella;7.0.0.202407091438;Create+Representation;System+Function+Breakdown;;02a1ba46-2d57-453a-9353-3ead2c36080d
2024-10-30 08:56:13,334;Capella;7.0.0.202407091438;Create+Representation;System+Function+Breakdown;OK;02a1ba46-2d57-453a-9353-3ead2c36080d
2024-10-30 09:01:23,109;Capella;7.0.0.202407091438;Create+Representation;System+Data+Flow+Blank;;02a1ba46-2d57-453a-9353-3ead2c36080d
2024-10-30 09:01:23,141;Capella;7.0.0.202407091438;Create+Representation;System+Data+Flow+Blank;OK;02a1ba46-2d57-453a-9353-3ead2c36080d
2024-10-30 09:10:01,653;Capella;7.0.0.202407091438;Create+Representation;System+Architecture+Blank;;83695543-4561-4571-97fa-0c769ff94ccc
2024-10-30 09:10:01,690;Capella;7.0.0.202407091438;Create+Representation;System+Architecture+Blank;OK;83695543-4561-4571-97fa-0c769ff94ccc
